2022-11-06 03:29:37,691 [INFO] Activator:177 - 


2022-11-06 03:29:37,691 [INFO] Activator:178 - !SESSION log4j initialized
2022-11-06 03:29:51,371 [INFO] McuFinderGlobals:39 - Set McuFinder mode to 2 (CubeIDE integrated)
2022-11-06 03:29:51,469 [INFO] ApplicationProperties:181 - Using Application install path: C:\ST\STM32CubeIDE_1.7.0\STM32CubeIDE\plugins\com.st.stm32cube.common.mx_6.3.0.202107141111
2022-11-06 03:29:51,482 [INFO] DbMcusXml:74 - Set database path to: C:\ST\STM32CubeIDE_1.7.0\STM32CubeIDE\plugins\com.st.stm32cube.common.mx_6.3.0.202107141111\\db\/mcu/
2022-11-06 03:29:51,482 [INFO] DbBoardsPdsc:56 - Set plugin database path to: C:\ST\STM32CubeIDE_1.7.0\STM32CubeIDE\plugins\com.st.stm32cube.common.mx_6.3.0.202107141111\\db\/plugins/boardmanager/
2022-11-06 03:29:51,482 [INFO] DbMcus:258 - Set plugin images path to: C:\ST\STM32CubeIDE_1.7.0\STM32CubeIDE\plugins\com.st.stm32cube.common.mx_6.3.0.202107141111\\db\/plugins/mcufinder/images/
2022-11-06 03:29:51,482 [INFO] DbBoards:264 - Set plugin images path to: C:\ST\STM32CubeIDE_1.7.0\STM32CubeIDE\plugins\com.st.stm32cube.common.mx_6.3.0.202107141111\\db\/plugins/mcufinder/images/
2022-11-06 03:29:51,482 [INFO] DbExamples:333 - Set plugin images path to: C:\ST\STM32CubeIDE_1.7.0\STM32CubeIDE\plugins\com.st.stm32cube.common.mx_6.3.0.202107141111\\db\/plugins/mcufinder/images/
2022-11-06 03:29:51,490 [INFO] DbMcusAds:119 - Set database path to: C:\Users\HP\.stmcufinder\plugins\mcufinder//mcu/
2022-11-06 03:29:51,490 [INFO] DbMcusDocs:110 - Set database path to: C:\Users\HP\.stmcufinder\plugins\mcufinder//mcu/
2022-11-06 03:29:51,494 [INFO] DbMcusJson:64 - Set database path to: C:\Users\HP\.stmcufinder\plugins\mcufinder//mcu/
2022-11-06 03:29:51,494 [INFO] DbBoardsDocs:110 - Set database path to: C:\Users\HP\.stmcufinder\plugins\mcufinder//mcu/
2022-11-06 03:29:51,494 [INFO] DbBoardsJson:57 - Set database path to: C:\Users\HP\.stmcufinder\plugins\mcufinder//mcu/
2022-11-06 03:29:52,170 [INFO] CrossReferenceDbSqlite:196 - Set database path to: C:\Users\HP\.stmcufinder\plugins\mcufinder//mcu/cs/
2022-11-06 03:29:52,170 [INFO] DbExamplesSqlite:767 - Set database path to: C:\Users\HP\.stmcufinder\plugins\mcufinder//mcu/
2022-11-06 03:29:52,249 [INFO] RulesReader:57 - Compatibility file has been processed (242 Rules)
2022-11-06 03:29:52,319 [INFO] DbMcusXml:74 - Set database path to: C:\ST\STM32CubeIDE_1.7.0\STM32CubeIDE\plugins\com.st.stm32cube.common.mx_6.3.0.202107141111\\db\/mcu/
2022-11-06 03:29:52,319 [INFO] DbBoardsPdsc:56 - Set plugin database path to: C:\ST\STM32CubeIDE_1.7.0\STM32CubeIDE\plugins\com.st.stm32cube.common.mx_6.3.0.202107141111\\db\/plugins/boardmanager/
2022-11-06 03:29:52,319 [INFO] DbMcus:258 - Set plugin images path to: C:\ST\STM32CubeIDE_1.7.0\STM32CubeIDE\plugins\com.st.stm32cube.common.mx_6.3.0.202107141111\\db\/plugins/mcufinder/images/
2022-11-06 03:29:52,319 [INFO] DbBoards:264 - Set plugin images path to: C:\ST\STM32CubeIDE_1.7.0\STM32CubeIDE\plugins\com.st.stm32cube.common.mx_6.3.0.202107141111\\db\/plugins/mcufinder/images/
2022-11-06 03:29:52,319 [INFO] DbExamples:333 - Set plugin images path to: C:\ST\STM32CubeIDE_1.7.0\STM32CubeIDE\plugins\com.st.stm32cube.common.mx_6.3.0.202107141111\\db\/plugins/mcufinder/images/
2022-11-06 03:29:52,319 [WARN] DbFile:35 - Overriding database path with different value: C:\Users\HP\.stmcufinder\plugins\mcufinder/ => C:\Users\HP\.stmcufinder\plugins\mcufinder
2022-11-06 03:29:52,319 [INFO] DbMcusAds:119 - Set database path to: C:\Users\HP\.stmcufinder\plugins\mcufinder//mcu/
2022-11-06 03:29:52,319 [WARN] DbFile:35 - Overriding database path with different value: C:\Users\HP\.stmcufinder\plugins\mcufinder/ => C:\Users\HP\.stmcufinder\plugins\mcufinder
2022-11-06 03:29:52,319 [INFO] DbMcusDocs:110 - Set database path to: C:\Users\HP\.stmcufinder\plugins\mcufinder//mcu/
2022-11-06 03:29:52,319 [WARN] DbFile:35 - Overriding database path with different value: C:\Users\HP\.stmcufinder\plugins\mcufinder/ => C:\Users\HP\.stmcufinder\plugins\mcufinder
2022-11-06 03:29:52,319 [INFO] DbMcusJson:64 - Set database path to: C:\Users\HP\.stmcufinder\plugins\mcufinder//mcu/
2022-11-06 03:29:52,319 [WARN] DbFile:35 - Overriding database path with different value: C:\Users\HP\.stmcufinder\plugins\mcufinder/ => C:\Users\HP\.stmcufinder\plugins\mcufinder
2022-11-06 03:29:52,319 [INFO] DbBoardsDocs:110 - Set database path to: C:\Users\HP\.stmcufinder\plugins\mcufinder//mcu/
2022-11-06 03:29:52,319 [WARN] DbFile:35 - Overriding database path with different value: C:\Users\HP\.stmcufinder\plugins\mcufinder/ => C:\Users\HP\.stmcufinder\plugins\mcufinder
2022-11-06 03:29:52,319 [INFO] DbBoardsJson:57 - Set database path to: C:\Users\HP\.stmcufinder\plugins\mcufinder//mcu/
2022-11-06 03:29:52,319 [WARN] DbFile:35 - Overriding database path with different value: C:\Users\HP\.stmcufinder\plugins\mcufinder/ => C:\Users\HP\.stmcufinder\plugins\mcufinder
2022-11-06 03:29:52,319 [WARN] DbFile:35 - Overriding database path with different value: C:\Users\HP\.stmcufinder\plugins\mcufinder/ => C:\Users\HP\.stmcufinder\plugins\mcufinder
2022-11-06 03:29:53,175 [INFO] CrossReferenceDbSqlite:196 - Set database path to: C:\Users\HP\.stmcufinder\plugins\mcufinder//mcu/cs/
2022-11-06 03:29:53,175 [WARN] DbFile:35 - Overriding database path with different value: C:\Users\HP\.stmcufinder\plugins\mcufinder/ => C:\Users\HP\.stmcufinder\plugins\mcufinder
2022-11-06 03:29:53,175 [INFO] DbExamplesSqlite:767 - Set database path to: C:\Users\HP\.stmcufinder\plugins\mcufinder//mcu/
2022-11-06 03:29:53,223 [INFO] MainPanel:214 - HeapMemory: 268435456
2022-11-06 03:29:53,286 [INFO] DbMcusXml:74 - Set database path to: C:\ST\STM32CubeIDE_1.7.0\STM32CubeIDE\plugins\com.st.stm32cube.common.mx_6.3.0.202107141111\\db\/mcu/
2022-11-06 03:29:53,286 [INFO] DbBoardsPdsc:56 - Set plugin database path to: C:\ST\STM32CubeIDE_1.7.0\STM32CubeIDE\plugins\com.st.stm32cube.common.mx_6.3.0.202107141111\\db\/plugins/boardmanager/
2022-11-06 03:29:53,286 [INFO] DbMcus:258 - Set plugin images path to: C:\ST\STM32CubeIDE_1.7.0\STM32CubeIDE\plugins\com.st.stm32cube.common.mx_6.3.0.202107141111\\db\/plugins/mcufinder/images/
2022-11-06 03:29:53,286 [INFO] DbBoards:264 - Set plugin images path to: C:\ST\STM32CubeIDE_1.7.0\STM32CubeIDE\plugins\com.st.stm32cube.common.mx_6.3.0.202107141111\\db\/plugins/mcufinder/images/
2022-11-06 03:29:53,286 [INFO] DbExamples:333 - Set plugin images path to: C:\ST\STM32CubeIDE_1.7.0\STM32CubeIDE\plugins\com.st.stm32cube.common.mx_6.3.0.202107141111\\db\/plugins/mcufinder/images/
2022-11-06 03:29:53,286 [WARN] DbFile:35 - Overriding database path with different value: C:\Users\HP\.stmcufinder\plugins\mcufinder/ => C:\Users\HP\.stmcufinder\plugins\mcufinder
2022-11-06 03:29:53,286 [INFO] DbMcusAds:119 - Set database path to: C:\Users\HP\.stmcufinder\plugins\mcufinder//mcu/
2022-11-06 03:29:53,286 [WARN] DbFile:35 - Overriding database path with different value: C:\Users\HP\.stmcufinder\plugins\mcufinder/ => C:\Users\HP\.stmcufinder\plugins\mcufinder
2022-11-06 03:29:53,286 [INFO] DbMcusDocs:110 - Set database path to: C:\Users\HP\.stmcufinder\plugins\mcufinder//mcu/
2022-11-06 03:29:53,286 [WARN] DbFile:35 - Overriding database path with different value: C:\Users\HP\.stmcufinder\plugins\mcufinder/ => C:\Users\HP\.stmcufinder\plugins\mcufinder
2022-11-06 03:29:53,286 [INFO] DbMcusJson:64 - Set database path to: C:\Users\HP\.stmcufinder\plugins\mcufinder//mcu/
2022-11-06 03:29:53,286 [WARN] DbFile:35 - Overriding database path with different value: C:\Users\HP\.stmcufinder\plugins\mcufinder/ => C:\Users\HP\.stmcufinder\plugins\mcufinder
2022-11-06 03:29:53,286 [INFO] DbBoardsDocs:110 - Set database path to: C:\Users\HP\.stmcufinder\plugins\mcufinder//mcu/
2022-11-06 03:29:53,286 [WARN] DbFile:35 - Overriding database path with different value: C:\Users\HP\.stmcufinder\plugins\mcufinder/ => C:\Users\HP\.stmcufinder\plugins\mcufinder
2022-11-06 03:29:53,286 [INFO] DbBoardsJson:57 - Set database path to: C:\Users\HP\.stmcufinder\plugins\mcufinder//mcu/
2022-11-06 03:29:53,286 [WARN] DbFile:35 - Overriding database path with different value: C:\Users\HP\.stmcufinder\plugins\mcufinder/ => C:\Users\HP\.stmcufinder\plugins\mcufinder
2022-11-06 03:29:53,286 [WARN] DbFile:35 - Overriding database path with different value: C:\Users\HP\.stmcufinder\plugins\mcufinder/ => C:\Users\HP\.stmcufinder\plugins\mcufinder
2022-11-06 03:29:54,179 [INFO] CrossReferenceDbSqlite:196 - Set database path to: C:\Users\HP\.stmcufinder\plugins\mcufinder//mcu/cs/
2022-11-06 03:29:54,179 [WARN] DbFile:35 - Overriding database path with different value: C:\Users\HP\.stmcufinder\plugins\mcufinder/ => C:\Users\HP\.stmcufinder\plugins\mcufinder
2022-11-06 03:29:54,179 [INFO] DbExamplesSqlite:767 - Set database path to: C:\Users\HP\.stmcufinder\plugins\mcufinder//mcu/
2022-11-06 03:29:54,199 [INFO] ApplicationProperties:181 - Using Application install path: C:\ST\STM32CubeIDE_1.7.0\STM32CubeIDE\plugins\com.st.stm32cube.common.mx_6.3.0.202107141111
2022-11-06 03:29:54,199 [INFO] PluginManage:188 - Search for loadable plugins [exclusion list=, ]
2022-11-06 03:29:54,199 [INFO] PluginManage:302 - Check plugin analytics
2022-11-06 03:29:55,219 [INFO] AnalyticsPlugin:257 - Accepted Software Licenses: 
2022-11-06 03:29:55,219 [INFO] AnalyticsPlugin:259 - Accepted CMSIS Pack Licenses: 
2022-11-06 03:29:55,219 [INFO] AnalyticsPlugin:261 - Accepted Firmware Licenses: 
2022-11-06 03:29:55,219 [INFO] PluginManage:352 - Loaded plugin analytics (category:tool,tabindex:-1)
2022-11-06 03:29:55,219 [INFO] PluginManage:302 - Check plugin clock
2022-11-06 03:29:55,232 [INFO] PluginManage:352 - Loaded plugin clock (category:base,tabindex:2)
2022-11-06 03:29:55,232 [INFO] PluginManage:302 - Check plugin ddr
2022-11-06 03:29:55,232 [INFO] PluginManage:352 - Loaded plugin ddr (category:tool,tabindex:6)
2022-11-06 03:29:55,232 [INFO] PluginManage:302 - Check plugin filemanager
2022-11-06 03:29:55,339 [INFO] PluginManage:352 - Loaded plugin filemanager (category:base,tabindex:10)
2022-11-06 03:29:55,339 [INFO] PluginManage:302 - Check plugin ipmanager
2022-11-06 03:29:55,343 [INFO] PluginManage:352 - Loaded plugin ipmanager (category:base,tabindex:5)
2022-11-06 03:29:55,349 [INFO] PluginManage:302 - Check plugin pinoutandconfiguration
2022-11-06 03:29:55,354 [INFO] PluginManage:352 - Loaded plugin pinoutandconfiguration (category:base,tabindex:1)
2022-11-06 03:29:55,354 [INFO] PluginManage:302 - Check plugin pinoutconfig
2022-11-06 03:29:55,379 [INFO] PluginManage:352 - Loaded plugin pinoutconfig (category:base,tabindex:0)
2022-11-06 03:29:55,379 [INFO] PluginManage:302 - Check plugin power
2022-11-06 03:29:55,384 [INFO] PluginManage:352 - Loaded plugin power (category:power,tabindex:4)
2022-11-06 03:29:55,384 [INFO] PluginManage:302 - Check plugin projectmanager
2022-11-06 03:29:55,399 [INFO] PluginManage:352 - Loaded plugin projectmanager (category:projectmanager,tabindex:3)
2022-11-06 03:29:55,399 [INFO] PluginManage:302 - Check plugin thirdparty
2022-11-06 03:29:55,524 [INFO] PluginManage:352 - Loaded plugin thirdparty (category:base,tabindex:-1)
2022-11-06 03:29:55,524 [INFO] PluginManage:302 - Check plugin tools
2022-11-06 03:29:55,524 [WARN] IntegrityCheckThread:78 - waiting for thirdparty lock release [integrity check]
2022-11-06 03:29:55,524 [INFO] IntegrityCheckThread:80 - entering critical section [integrity check]
2022-11-06 03:29:55,524 [INFO] ThirdPartyUpdaterWithRetryManager:66 - Updater plugin not ready yet. [1/15]
2022-11-06 03:29:55,524 [INFO] PluginManage:352 - Loaded plugin tools (category:base,tabindex:7)
2022-11-06 03:29:55,524 [INFO] PluginManage:302 - Check plugin tutovideos
2022-11-06 03:29:55,699 [INFO] PluginManage:352 - Loaded plugin tutovideos (category:base,tabindex:-1)
2022-11-06 03:29:55,699 [INFO] PluginManage:302 - Check plugin updater
2022-11-06 03:29:55,716 [INFO] PluginManage:352 - Loaded plugin updater (category:base,tabindex:12)
2022-11-06 03:29:55,716 [INFO] PluginManage:275 - PluginManage : Loaded plugins [13]
2022-11-06 03:29:55,859 [INFO] PinOutPanel:1463 - setPackage(No Configuration,No Configuration)
2022-11-06 03:29:55,939 [INFO] IPUIPlugin:74 - create IPUIPlugin
2022-11-06 03:29:55,939 [INFO] PluginManager:213 - loadIPPluginJar : add adc
2022-11-06 03:29:55,944 [INFO] IPUIPlugin:74 - create IPUIPlugin
2022-11-06 03:29:55,944 [INFO] PluginManager:213 - loadIPPluginJar : add aes
2022-11-06 03:29:55,944 [INFO] IPUIPlugin:74 - create IPUIPlugin
2022-11-06 03:29:55,944 [INFO] PluginManager:213 - loadIPPluginJar : add can
2022-11-06 03:29:55,947 [INFO] IPUIPlugin:74 - create IPUIPlugin
2022-11-06 03:29:55,947 [INFO] PluginManager:213 - loadIPPluginJar : add comp
2022-11-06 03:29:55,949 [INFO] IPUIPlugin:74 - create IPUIPlugin
2022-11-06 03:29:55,949 [INFO] PluginManager:213 - loadIPPluginJar : add cryp
2022-11-06 03:29:55,949 [INFO] IPUIPlugin:74 - create IPUIPlugin
2022-11-06 03:29:55,949 [INFO] PluginManager:213 - loadIPPluginJar : add dfsdm
2022-11-06 03:29:55,954 [INFO] IPUIPlugin:74 - create IPUIPlugin
2022-11-06 03:29:55,954 [INFO] PluginManager:213 - loadIPPluginJar : add dma
2022-11-06 03:29:55,959 [INFO] IPUIPlugin:74 - create IPUIPlugin
2022-11-06 03:29:55,959 [INFO] PluginManager:213 - loadIPPluginJar : add dma3
2022-11-06 03:29:55,959 [INFO] IPUIPlugin:74 - create IPUIPlugin
2022-11-06 03:29:55,959 [INFO] PluginManager:213 - loadIPPluginJar : add fatfs
2022-11-06 03:29:55,963 [INFO] IPUIPlugin:74 - create IPUIPlugin
2022-11-06 03:29:55,963 [INFO] PluginManager:213 - loadIPPluginJar : add fmc
2022-11-06 03:29:55,969 [INFO] IPUIPlugin:74 - create IPUIPlugin
2022-11-06 03:29:55,969 [INFO] PluginManager:213 - loadIPPluginJar : add freertos
2022-11-06 03:29:55,969 [INFO] IPUIPlugin:74 - create IPUIPlugin
2022-11-06 03:29:55,969 [INFO] PluginManager:213 - loadIPPluginJar : add genericplugin
2022-11-06 03:29:55,969 [INFO] IPUIPlugin:74 - create IPUIPlugin
2022-11-06 03:29:55,969 [INFO] PluginManager:213 - loadIPPluginJar : add gfxmmu
2022-11-06 03:29:55,974 [INFO] IPUIPlugin:74 - create IPUIPlugin
2022-11-06 03:29:55,974 [INFO] PluginManager:213 - loadIPPluginJar : add gic
2022-11-06 03:29:55,979 [INFO] IPUIPlugin:74 - create IPUIPlugin
2022-11-06 03:29:55,979 [INFO] PluginManager:213 - loadIPPluginJar : add gpio
2022-11-06 03:29:55,979 [INFO] IPUIPlugin:74 - create IPUIPlugin
2022-11-06 03:29:55,979 [INFO] PluginManager:213 - loadIPPluginJar : add gtzc
2022-11-06 03:29:55,984 [INFO] IPUIPlugin:74 - create IPUIPlugin
2022-11-06 03:29:55,984 [INFO] PluginManager:213 - loadIPPluginJar : add hash
2022-11-06 03:29:55,984 [INFO] IPUIPlugin:74 - create IPUIPlugin
2022-11-06 03:29:55,984 [INFO] PluginManager:213 - loadIPPluginJar : add i2c
2022-11-06 03:29:55,984 [INFO] IPUIPlugin:74 - create IPUIPlugin
2022-11-06 03:29:55,984 [INFO] PluginManager:213 - loadIPPluginJar : add i2s
2022-11-06 03:29:55,989 [INFO] IPUIPlugin:74 - create IPUIPlugin
2022-11-06 03:29:55,989 [INFO] PluginManager:213 - loadIPPluginJar : add ipddr
2022-11-06 03:29:55,994 [INFO] IPUIPlugin:74 - create IPUIPlugin
2022-11-06 03:29:55,994 [INFO] PluginManager:213 - loadIPPluginJar : add linkedlist
2022-11-06 03:29:55,999 [INFO] IPUIPlugin:74 - create IPUIPlugin
2022-11-06 03:29:55,999 [INFO] PluginManager:213 - loadIPPluginJar : add lorawan
2022-11-06 03:29:55,999 [INFO] IPUIPlugin:74 - create IPUIPlugin
2022-11-06 03:29:55,999 [INFO] PluginManager:213 - loadIPPluginJar : add ltdc
2022-11-06 03:29:56,004 [INFO] IPUIPlugin:74 - create IPUIPlugin
2022-11-06 03:29:56,004 [INFO] PluginManager:213 - loadIPPluginJar : add mdma
2022-11-06 03:29:56,004 [INFO] IPUIPlugin:74 - create IPUIPlugin
2022-11-06 03:29:56,004 [INFO] PluginManager:213 - loadIPPluginJar : add nvic
2022-11-06 03:29:56,004 [INFO] IPUIPlugin:74 - create IPUIPlugin
2022-11-06 03:29:56,009 [INFO] PluginManager:213 - loadIPPluginJar : add opamp
2022-11-06 03:29:56,010 [INFO] IPUIPlugin:74 - create IPUIPlugin
2022-11-06 03:29:56,010 [INFO] PluginManager:213 - loadIPPluginJar : add openamp
2022-11-06 03:29:56,010 [INFO] IPUIPlugin:74 - create IPUIPlugin
2022-11-06 03:29:56,010 [INFO] PluginManager:213 - loadIPPluginJar : add pdm2pcm
2022-11-06 03:29:56,019 [INFO] IPUIPlugin:74 - create IPUIPlugin
2022-11-06 03:29:56,019 [INFO] PluginManager:213 - loadIPPluginJar : add plateformsettings
2022-11-06 03:29:56,019 [INFO] IPUIPlugin:74 - create IPUIPlugin
2022-11-06 03:29:56,019 [INFO] PluginManager:213 - loadIPPluginJar : add quadspi
2022-11-06 03:29:56,026 [INFO] IPUIPlugin:74 - create IPUIPlugin
2022-11-06 03:29:56,026 [INFO] PluginManager:213 - loadIPPluginJar : add resmgrutility
2022-11-06 03:29:56,029 [INFO] IPUIPlugin:74 - create IPUIPlugin
2022-11-06 03:29:56,029 [INFO] PluginManager:213 - loadIPPluginJar : add sai
2022-11-06 03:29:56,029 [INFO] IPUIPlugin:74 - create IPUIPlugin
2022-11-06 03:29:56,029 [INFO] PluginManager:213 - loadIPPluginJar : add spi
2022-11-06 03:29:56,034 [INFO] IPUIPlugin:74 - create IPUIPlugin
2022-11-06 03:29:56,034 [INFO] PluginManager:213 - loadIPPluginJar : add stm32_wpan
2022-11-06 03:29:56,034 [INFO] IPUIPlugin:74 - create IPUIPlugin
2022-11-06 03:29:56,034 [INFO] PluginManager:213 - loadIPPluginJar : add tim
2022-11-06 03:29:56,034 [INFO] IPUIPlugin:74 - create IPUIPlugin
2022-11-06 03:29:56,034 [INFO] PluginManager:213 - loadIPPluginJar : add touchsensing
2022-11-06 03:29:56,039 [INFO] IPUIPlugin:74 - create IPUIPlugin
2022-11-06 03:29:56,039 [INFO] PluginManager:213 - loadIPPluginJar : add tracer_emb
2022-11-06 03:29:56,042 [INFO] IPUIPlugin:74 - create IPUIPlugin
2022-11-06 03:29:56,042 [INFO] PluginManager:213 - loadIPPluginJar : add ts
2022-11-06 03:29:56,042 [INFO] IPUIPlugin:74 - create IPUIPlugin
2022-11-06 03:29:56,042 [INFO] PluginManager:213 - loadIPPluginJar : add tsc
2022-11-06 03:29:56,042 [INFO] IPUIPlugin:74 - create IPUIPlugin
2022-11-06 03:29:56,042 [INFO] PluginManager:213 - loadIPPluginJar : add ucpd
2022-11-06 03:29:56,042 [INFO] IPUIPlugin:74 - create IPUIPlugin
2022-11-06 03:29:56,042 [INFO] PluginManager:213 - loadIPPluginJar : add usart
2022-11-06 03:29:56,049 [INFO] IPUIPlugin:74 - create IPUIPlugin
2022-11-06 03:29:56,049 [INFO] PluginManager:213 - loadIPPluginJar : add usbx
2022-11-06 03:29:56,323 [FATAL] Updater:294 - Updater called before beeing initialized
2022-11-06 03:29:56,419 [FATAL] Updater:294 - Updater called before beeing initialized
2022-11-06 03:29:56,419 [INFO] DbMcusAds:47 - JSON generation date=Thu Sep 30 13:56:37 ICT 2021 (1632984997303)
2022-11-06 03:29:56,429 [FATAL] Updater:294 - Updater called before beeing initialized
2022-11-06 03:29:56,459 [WARN] DetailPanel:314 - Failed to get advertising image, set to default
2022-11-06 03:29:56,549 [FATAL] Updater:294 - Updater called before beeing initialized
2022-11-06 03:29:56,549 [FATAL] Updater:294 - Updater called before beeing initialized
2022-11-06 03:29:56,549 [FATAL] Updater:294 - Updater called before beeing initialized
2022-11-06 03:29:56,549 [WARN] DetailPanel:314 - Failed to get advertising image, set to default
2022-11-06 03:29:56,549 [FATAL] Updater:294 - Updater called before beeing initialized
2022-11-06 03:29:56,599 [ERROR] Updater:1075 - MainUpdater not yet initialized. External WinMGr cannot be set.
2022-11-06 03:29:56,599 [INFO] Updater:1012 - Updater Version found : 6.3.0
2022-11-06 03:29:56,619 [INFO] ApplicationProperties:181 - Using Application install path: C:\ST\STM32CubeIDE_1.7.0\STM32CubeIDE\plugins\com.st.stm32cube.common.mx_6.3.0.202107141111
2022-11-06 03:29:56,929 [INFO] MainUpdater:2671 - connection check result : 10
2022-11-06 03:29:56,929 [INFO] MainUpdater:265 - Updater Check For Update Now.
2022-11-06 03:29:56,929 [INFO] MicroXplorer:478 - Change Database Version : DB.6.0.30
2022-11-06 03:29:57,089 [INFO] CheckServerUpdateThread:112 - End of CheckServer Thread
2022-11-06 03:29:57,153 [INFO] MainUpdater:2671 - connection check result : 10
2022-11-06 03:29:57,404 [INFO] McuFinderGlobals:52 - Set McuFinderConnectedMode to false
2022-11-06 03:29:57,509 [INFO] CrossSelectorPresenter:1330 - Cross Selector saved comparison directory: C:\Users\HP\.stmcufinder\plugins\mcufinder\mcu\cs_comparisons_mx
2022-11-06 03:29:57,519 [INFO] MultiScanPanel:197 - Auto-refresh data requested => check proxy status ongoing
2022-11-06 03:29:57,519 [INFO] MultiScanPanel:201 - Proxy status is invalid
2022-11-06 03:29:57,519 [INFO] FinderPluginLoader:87 - Searching for filters in installed packs
2022-11-06 03:29:57,519 [INFO] DbMcusXml:100 - Load MCU database from C:\ST\STM32CubeIDE_1.7.0\STM32CubeIDE\plugins\com.st.stm32cube.common.mx_6.3.0.202107141111\\db\/mcu/families.xml
2022-11-06 03:29:58,439 [INFO] DbMcusJson:93 - JSON generation date=Tue Nov 16 23:17:54 ICT 2021 (1637079474)
2022-11-06 03:29:58,739 [WARN] PackLoader:238 - Cannot read IP mode file for STMicroelectronics.X-CUBE-GNSS1.6.0.0
2022-11-06 03:29:58,799 [WARN] PackLoader:238 - Cannot read IP mode file for STMicroelectronics.X-CUBE-AZRTOS-F4.1.1.0
2022-11-06 03:29:58,814 [WARN] PackLoader:238 - Cannot read IP mode file for STMicroelectronics.X-CUBE-BLEMGR.1.2.0
2022-11-06 03:29:58,829 [WARN] PackLoader:238 - Cannot read IP mode file for STMicroelectronics.X-CUBE-AZRTOS-F7.1.1.0
2022-11-06 03:29:58,849 [WARN] PackLoader:238 - Cannot read IP mode file for STMicroelectronics.X-CUBE-BLE1.6.2.3
2022-11-06 03:29:58,859 [WARN] PackLoader:238 - Cannot read IP mode file for STMicroelectronics.X-CUBE-NFC4.2.0.4
2022-11-06 03:29:58,884 [WARN] PackLoader:238 - Cannot read IP mode file for STMicroelectronics.X-CUBE-TOF1.3.1.0
2022-11-06 03:29:58,894 [WARN] PackLoader:238 - Cannot read IP mode file for wolfSSL.I-CUBE-wolfSSL.5.5.0
2022-11-06 03:29:58,899 [WARN] PackLoader:238 - Cannot read IP mode file for STMicroelectronics.X-CUBE-NFC7.1.0.0
2022-11-06 03:29:58,959 [WARN] PackLoader:238 - Cannot read IP mode file for STMicroelectronics.X-CUBE-MEMS1.9.3.0
2022-11-06 03:29:59,191 [WARN] PackLoader:238 - Cannot read IP mode file for STMicroelectronics.X-CUBE-AI.7.2.0
2022-11-06 03:29:59,199 [WARN] PackLoader:238 - Cannot read IP mode file for STMicroelectronics.X-CUBE-SFXS2LP1.4.0.0
2022-11-06 03:29:59,207 [WARN] PackLoader:238 - Cannot read IP mode file for STMicroelectronics.X-CUBE-BLE2.3.3.0
2022-11-06 03:29:59,229 [WARN] PackLoader:238 - Cannot read IP mode file for STMicroelectronics.X-CUBE-DISPLAY.2.2.0
2022-11-06 03:29:59,239 [WARN] PackLoader:238 - Cannot read IP mode file for STMicroelectronics.X-CUBE-TOF1.3.2.0
2022-11-06 03:29:59,255 [WARN] PackLoader:238 - Cannot read IP mode file for STMicroelectronics.X-CUBE-ISPU.1.0.0
2022-11-06 03:29:59,259 [WARN] PackLoader:238 - Cannot read IP mode file for STMicroelectronics.X-CUBE-ISPU.1.1.0
2022-11-06 03:29:59,259 [WARN] PackLoader:238 - Cannot read IP mode file for RoweBots.I-CUBE-UNISONRTOS.5.5.0-4
2022-11-06 03:29:59,294 [WARN] PackLoader:238 - Cannot read IP mode file for STMicroelectronics.X-CUBE-AZRTOS-H7.2.1.0
2022-11-06 03:29:59,309 [WARN] PackLoader:238 - Cannot read IP mode file for STMicroelectronics.X-CUBE-BLEMGR.1.0.0
2022-11-06 03:29:59,319 [WARN] PackLoader:238 - Cannot read IP mode file for STMicroelectronics.X-CUBE-AI.7.3.0
2022-11-06 03:29:59,329 [WARN] PackLoader:238 - Cannot read IP mode file for STMicroelectronics.X-CUBE-ALGOBUILD.1.3.0
2022-11-06 03:29:59,344 [INFO] DbMcus:175 - Found 1951 MCUs (1903 are supported by CubeMX, 1914 are visible in CubeMX)
2022-11-06 03:29:59,349 [INFO] ApiDb:251 - Load user favorites file C:\Users\HP/.stm32cubeide/favorites.mcus.txt: 0 item(s)
2022-11-06 03:29:59,349 [INFO] ApiDb:255 - User favorites MCUs=[]
2022-11-06 03:29:59,349 [INFO] DbMcus:187 - Set 0 / 0 favorites MCUs
2022-11-06 03:29:59,351 [WARN] PackLoader:238 - Cannot read IP mode file for STMicroelectronics.X-CUBE-AZRTOS-G0.1.1.0
2022-11-06 03:29:59,369 [WARN] PackLoader:238 - Cannot read IP mode file for STMicroelectronics.X-CUBE-SUBG2.5.0.0
2022-11-06 03:29:59,424 [WARN] PackLoader:238 - Cannot read IP mode file for SEGGER.I-CUBE-embOS.1.2.0
2022-11-06 03:29:59,479 [WARN] PackLoader:238 - Cannot read IP mode file for STMicroelectronics.FP-ATR-ASTRA1.1.1.1
2022-11-06 03:29:59,489 [WARN] PackLoader:238 - Cannot read IP mode file for STMicroelectronics.X-CUBE-AZRTOS-G4.1.0.0
2022-11-06 03:29:59,499 [WARN] PackLoader:238 - Cannot read IP mode file for STMicroelectronics.FP-ATR-SIGFOX1.3.2.0
2022-11-06 03:29:59,511 [WARN] PackLoader:238 - Cannot read IP mode file for STMicroelectronics.X-CUBE-AZRTOS-L4.1.0.0
2022-11-06 03:29:59,519 [WARN] PackLoader:238 - Cannot read IP mode file for emotas.I-CUBE-CANOPEN.1.1.2
2022-11-06 03:29:59,527 [WARN] PackLoader:238 - Cannot read IP mode file for STMicroelectronics.X-CUBE-TOUCHGFX.4.20.0
2022-11-06 03:29:59,529 [WARN] PackLoader:238 - Cannot read IP mode file for STMicroelectronics.X-CUBE-AZRTOS-WL.1.0.0
2022-11-06 03:29:59,543 [WARN] PackLoader:238 - Cannot read IP mode file for portGmbH.I-Cube-SoM-uGOAL.1.1.0
2022-11-06 03:29:59,543 [WARN] PackLoader:238 - Cannot read IP mode file for STMicroelectronics.X-CUBE-ALS.1.0.1
2022-11-06 03:29:59,559 [WARN] PackLoader:238 - Cannot read IP mode file for STMicroelectronics.X-CUBE-AZRTOS-L5.1.0.0
2022-11-06 03:29:59,564 [WARN] PackLoader:238 - Cannot read IP mode file for STMicroelectronics.X-CUBE-EEPRMA1.3.1.1
2022-11-06 03:29:59,564 [INFO] ThirdParty:915 - Integrity check success = true
2022-11-06 03:29:59,564 [INFO] IntegrityCheckThread:94 - exiting critical section [integrity check]
2022-11-06 03:29:59,569 [INFO] IntegrityCheckThread:97 - End integrity checks thread
2022-11-06 03:29:59,829 [INFO] DetailPanel:309 - Set advertising image to C:/Users/HP/STM32Cube/Repository/\en.Prom_NBSTM32U50921.jpg
2022-11-06 03:30:00,274 [INFO] DbBoardsPdsc:90 - Found 25 items
2022-11-06 03:30:00,274 [INFO] DbBoardsPdsc:90 - Found 9 items
2022-11-06 03:30:00,279 [INFO] DbBoardsPdsc:90 - Found 33 items
2022-11-06 03:30:00,279 [INFO] DbBoardsPdsc:90 - Found 1 items
2022-11-06 03:30:00,279 [INFO] DbBoardsPdsc:90 - Found 48 items
2022-11-06 03:30:00,289 [INFO] DbBoardsPdsc:90 - Found 43 items
2022-11-06 03:30:00,289 [INFO] DbBoardsPdsc:90 - Found 2 items
2022-11-06 03:30:00,289 [INFO] DbBoardsPdsc:90 - Found 5 items
2022-11-06 03:30:00,299 [WARN] DbBoardsPdsc:254 - Board STM32H7B3I-DK: unknown feature type=Audio, name=, username=Audio stereo codec with Headphone Amp (CS42L51-CNZ), n=1
2022-11-06 03:30:00,309 [WARN] DbBoardsPdsc:254 - Board STM32H735G-DK: unknown feature type=Audio, name=, username=Audio stereo codec with Headphone Amp (WM8994ECS/R), n=1
2022-11-06 03:30:00,309 [WARN] DbBoardsPdsc:254 - Board STM32H7B3I-EVAL: unknown feature type=Audio, name=, username=Multi-Channel Audio Codec (CS42L51-CNZ), n=1
2022-11-06 03:30:00,309 [WARN] DbBoardsPdsc:254 - Board STM32H7B3I-EVAL: unknown feature type=Meter, name=, username=Power-metering and Temperature-monitoring with sigma-delta modulators, n=1
2022-11-06 03:30:00,309 [WARN] DbBoardsPdsc:254 - Board STM32H7B3I-EVAL: unknown feature type=Motor, name=, username=Motor Control, n=1
2022-11-06 03:30:00,309 [WARN] DbBoardsPdsc:254 - Board STM32U575I-EV: unknown feature type=joystick, name=, username=4-direction joystick with selection button, n=1
2022-11-06 03:30:00,329 [INFO] DbBoardsJson:86 - JSON generation date=Tue Nov 16 23:17:54 ICT 2021 (1637079474)
2022-11-06 03:30:00,339 [INFO] DbBoards:117 - Found 167 boards (163 are supported by CubeMX)
2022-11-06 03:30:00,339 [INFO] DbBoardsDocs:143 - JSON generation date=Tue Nov 16 23:17:54 ICT 2021 (1637079474)
2022-11-06 03:30:00,339 [INFO] DbBoardsDocs:79 - Found 209 boards documents
2022-11-06 03:30:00,339 [WARN] DbBoards:127 - board B-L475E-IOT01A2 has no document id list !
2022-11-06 03:30:00,339 [WARN] DbBoards:127 - board NUCLEO-H743ZI has no document id list !
2022-11-06 03:30:00,339 [WARN] DbBoards:127 - board NUCLEO-WL55JC2 has no document id list !
2022-11-06 03:30:00,339 [WARN] DbBoards:127 - board P-NUCLEO-WB55-Nucleo has no document id list !
2022-11-06 03:30:00,339 [WARN] DbBoards:127 - board P-NUCLEO-WB55-USBDongle has no document id list !
2022-11-06 03:30:00,339 [WARN] DbBoards:127 - board STEVAL-BFA001V1B has no document id list !
2022-11-06 03:30:00,339 [WARN] DbBoards:127 - board STEVAL-BFA001V2B has no document id list !
2022-11-06 03:30:00,339 [WARN] DbBoards:127 - board STEVAL-IDP005V1 has no document id list !
2022-11-06 03:30:00,339 [WARN] DbBoards:127 - board STEVAL-IDP005V2 has no document id list !
2022-11-06 03:30:00,349 [WARN] DbBoards:127 - board STEVAL-MKSBOX1V1 has no document id list !
2022-11-06 03:30:00,349 [WARN] DbBoards:127 - board STEVAL-STWINKT1 has no document id list !
2022-11-06 03:30:00,349 [WARN] DbBoards:127 - board STEVAL-STWINKT1B has no document id list !
2022-11-06 03:30:00,349 [WARN] DbBoards:127 - board STM32439I-EVAL2 has no document id list !
2022-11-06 03:30:00,349 [WARN] DbBoards:127 - board STM32F401C-DISCO has no document id list !
2022-11-06 03:30:00,349 [WARN] DbBoards:127 - board STM32F769I-DISC1 has no document id list !
2022-11-06 03:30:00,349 [WARN] DbBoards:127 - board STM32G474E-EVAL1 has no document id list !
2022-11-06 03:30:00,349 [WARN] DbBoards:127 - board STM32H743I-EVAL2 has no document id list !
2022-11-06 03:30:00,349 [WARN] DbBoards:127 - board STM32H747I-DISC1 has no document id list !
2022-11-06 03:30:00,349 [WARN] DbBoards:127 - board STM32H753I-EVAL2 has no document id list !
2022-11-06 03:30:00,349 [WARN] DbBoards:127 - board STM32L-DISCOVERY has no document id list !
2022-11-06 03:30:00,495 [ERROR] DbBoards:189 - Image file not found for board B-U585I-IOT02A: C:\ST\STM32CubeIDE_1.7.0\STM32CubeIDE\plugins\com.st.stm32cube.common.mx_6.3.0.202107141111\\db\/plugins/mcufinder/images/boards/B-U585I-IOT02A_small.jpg
2022-11-06 03:30:00,609 [ERROR] DbBoards:189 - Image file not found for board NUCLEO-F413ZH: C:\ST\STM32CubeIDE_1.7.0\STM32CubeIDE\plugins\com.st.stm32cube.common.mx_6.3.0.202107141111\\db\/plugins/mcufinder/images/boards/nucleo-f413zh_small.jpg
2022-11-06 03:30:00,819 [ERROR] DbBoards:189 - Image file not found for board NUCLEO-L552ZE-Q: C:\ST\STM32CubeIDE_1.7.0\STM32CubeIDE\plugins\com.st.stm32cube.common.mx_6.3.0.202107141111\\db\/plugins/mcufinder/images/boards/nucleo_l552ze_q_small.jpg
2022-11-06 03:30:00,819 [ERROR] DbBoards:189 - Image file not found for board NUCLEO-U575ZI-Q: C:\ST\STM32CubeIDE_1.7.0\STM32CubeIDE\plugins\com.st.stm32cube.common.mx_6.3.0.202107141111\\db\/plugins/mcufinder/images/boards/nucleo-u575zi-q_small.jpg
2022-11-06 03:30:00,819 [ERROR] DbBoards:189 - Image file not found for board NUCLEO-WB15CC: C:\ST\STM32CubeIDE_1.7.0\STM32CubeIDE\plugins\com.st.stm32cube.common.mx_6.3.0.202107141111\\db\/plugins/mcufinder/images/boards/nucleo-wb15cc_small.jpg
2022-11-06 03:30:00,819 [ERROR] DbBoards:189 - Image file not found for board NUCLEO-WB55RG: C:\ST\STM32CubeIDE_1.7.0\STM32CubeIDE\plugins\com.st.stm32cube.common.mx_6.3.0.202107141111\\db\/plugins/mcufinder/images/boards/nucleo-wb55rg_small.jpg
2022-11-06 03:30:02,029 [INFO] ApiDb:251 - Load user favorites file C:\Users\HP/.stm32cubeide/favorites.boards.txt: 0 item(s)
2022-11-06 03:30:02,034 [INFO] ApiDb:255 - User favorites Boards=[]
2022-11-06 03:30:02,034 [INFO] DbBoards:206 - Set 0 / 0 favorites Boards
2022-11-06 03:30:10,129 [INFO] MainUpdater:2671 - connection check result : 10
2022-11-06 03:30:10,129 [INFO] MainUpdater:2671 - connection check result : 10
2022-11-06 03:30:10,179 [INFO] MicroXplorer:448 - Change Database Path : 
2022-11-06 03:30:10,179 [INFO] MicroXplorer:478 - Change Database Version : DB.6.0.30
2022-11-06 03:30:10,179 [WARN] ThirdParty:813 - waiting for thirdparty lock release [close project]
2022-11-06 03:30:10,179 [INFO] ThirdParty:815 - entering critical section [close project]
2022-11-06 03:30:10,179 [INFO] ThirdParty:825 - exiting critical section [close project]
2022-11-06 03:30:10,189 [INFO] PinOutPanel:1463 - setPackage(No Configuration,No Configuration)
2022-11-06 03:30:10,194 [INFO] UtilMem:74 - Begin LoadConfig() Used Memory: 375716352 Bytes (576716800)
2022-11-06 03:30:10,201 [INFO] MicroXplorer:448 - Change Database Path : 
2022-11-06 03:30:10,201 [INFO] MicroXplorer:478 - Change Database Version : DB.6.0.30
2022-11-06 03:30:10,201 [INFO] OpenFileManager:313 - Change cursor
2022-11-06 03:30:10,969 [INFO] Context:592 - Trying to add GPIOservice into a context  which must be forbidden
2022-11-06 03:30:11,179 [WARN] ApiManager:304 - Cannot register API 'Board Extension:GNSS1A1' from pack STMicroelectronics.X-CUBE-GNSS1.6.0.0: no header file found
2022-11-06 03:30:11,179 [WARN] ApiManager:304 - Cannot register API 'Board Support:Custom' from pack STMicroelectronics.X-CUBE-GNSS1.6.0.0: no header file found
2022-11-06 03:30:11,179 [WARN] ApiManager:304 - Cannot register API 'Data Exchange:lib_gnss' from pack STMicroelectronics.X-CUBE-GNSS1.6.0.0: no header file found
2022-11-06 03:30:11,189 [WARN] ApiManager:304 - Cannot register API 'Wireless:BlueNRG-MS' from pack STMicroelectronics.X-CUBE-BLE1.6.2.3: no header file found
2022-11-06 03:30:11,194 [INFO] RtosManager:484 - Registered RTOS mode: class=CMSIS, group=RTOS, mode=CMSIS_V1, owner=FREERTOS
2022-11-06 03:30:11,194 [INFO] RtosManager:484 - Registered RTOS mode: class=CMSIS, group=RTOS2, mode=CMSIS_V2, owner=FREERTOS
2022-11-06 03:30:11,194 [INFO] RtosManager:484 - Registered RTOS mode: class=RTOS, group=Core, mode=CMSIS_V1, owner=FREERTOS
2022-11-06 03:30:11,194 [INFO] RtosManager:484 - Registered RTOS mode: class=RTOS, group=Core, mode=CMSIS_V2, owner=FREERTOS
2022-11-06 03:30:11,194 [WARN] ModelIntegratedComponent:181 - Missing modes for component STMicroelectronics:FreeRTOS:0.0.1:STMicroelectronics:RTOS:FreeRTOS:Core:::10.2.0:
2022-11-06 03:30:11,201 [WARN] ApiManager:304 - Cannot register API 'Board Extension:S2868A1' from pack STMicroelectronics.X-CUBE-SUBG2.5.0.0: no header file found
2022-11-06 03:30:11,201 [WARN] ApiManager:304 - Cannot register API 'Board Extension:S2868A2' from pack STMicroelectronics.X-CUBE-SUBG2.5.0.0: no header file found
2022-11-06 03:30:11,201 [WARN] ApiManager:304 - Cannot register API 'Board Extension:S2915A1' from pack STMicroelectronics.X-CUBE-SUBG2.5.0.0: no header file found
2022-11-06 03:30:11,201 [WARN] ApiManager:304 - Cannot register API 'Board Extension:NFC04A1' from pack STMicroelectronics.X-CUBE-NFC4.2.0.4: no header file found
2022-11-06 03:30:11,209 [WARN] ModelIntegratedComponent:60 - No mode defined for component null
2022-11-06 03:30:11,214 [WARN] ModelIntegratedComponent:60 - No mode defined for component null
2022-11-06 03:30:11,214 [WARN] ModelIntegratedComponent:60 - No mode defined for component null
2022-11-06 03:30:11,214 [WARN] ModelIntegratedComponent:60 - No mode defined for component null
2022-11-06 03:30:11,214 [WARN] ModelIntegratedComponent:60 - No mode defined for component null
2022-11-06 03:30:11,214 [WARN] ModelIntegratedComponent:60 - No mode defined for component null
2022-11-06 03:30:11,214 [WARN] ModelIntegratedComponent:60 - No mode defined for component null
2022-11-06 03:30:11,214 [WARN] ModelIntegratedComponent:60 - No mode defined for component null
2022-11-06 03:30:11,214 [WARN] ModelIntegratedComponent:60 - No mode defined for component null
2022-11-06 03:30:11,214 [WARN] ModelIntegratedComponent:60 - No mode defined for component null
2022-11-06 03:30:11,214 [WARN] ModelIntegratedComponent:60 - No mode defined for component null
2022-11-06 03:30:11,214 [WARN] ModelIntegratedComponent:60 - No mode defined for component null
2022-11-06 03:30:11,214 [WARN] ModelIntegratedComponent:60 - No mode defined for component null
2022-11-06 03:30:11,214 [WARN] ModelIntegratedComponent:60 - No mode defined for component null
2022-11-06 03:30:11,214 [WARN] ModelIntegratedComponent:60 - No mode defined for component null
2022-11-06 03:30:11,214 [WARN] ModelIntegratedComponent:60 - No mode defined for component null
2022-11-06 03:30:11,214 [WARN] ModelIntegratedComponent:60 - No mode defined for component null
2022-11-06 03:30:11,214 [WARN] ModelIntegratedComponent:60 - No mode defined for component null
2022-11-06 03:30:11,214 [WARN] ModelIntegratedComponent:60 - No mode defined for component null
2022-11-06 03:30:11,214 [WARN] ModelIntegratedComponent:60 - No mode defined for component null
2022-11-06 03:30:11,214 [WARN] ModelIntegratedComponent:60 - No mode defined for component null
2022-11-06 03:30:11,214 [WARN] ModelIntegratedComponent:60 - No mode defined for component null
2022-11-06 03:30:11,214 [WARN] ModelIntegratedComponent:60 - No mode defined for component null
2022-11-06 03:30:11,214 [WARN] ModelIntegratedComponent:60 - No mode defined for component null
2022-11-06 03:30:11,214 [WARN] ModelIntegratedComponent:60 - No mode defined for component null
2022-11-06 03:30:11,214 [WARN] ModelIntegratedComponent:60 - No mode defined for component null
2022-11-06 03:30:11,214 [WARN] ModelIntegratedComponent:60 - No mode defined for component null
2022-11-06 03:30:11,214 [WARN] ModelIntegratedComponent:60 - No mode defined for component null
2022-11-06 03:30:11,214 [WARN] ModelIntegratedComponent:60 - No mode defined for component null
2022-11-06 03:30:11,214 [WARN] ModelIntegratedComponent:60 - No mode defined for component null
2022-11-06 03:30:11,214 [WARN] ModelIntegratedComponent:60 - No mode defined for component null
2022-11-06 03:30:11,217 [WARN] ApiManager:304 - Cannot register API 'Board Extension:NFC07A1' from pack STMicroelectronics.X-CUBE-NFC7.1.0.0: no header file found
2022-11-06 03:30:11,404 [WARN] ApiManager:304 - Cannot register API 'Board Extension:IKS01A3' from pack STMicroelectronics.X-CUBE-MEMS1.9.3.0: no header file found
2022-11-06 03:30:11,404 [WARN] ApiManager:304 - Cannot register API 'Board Extension:IKS01A2' from pack STMicroelectronics.X-CUBE-MEMS1.9.3.0: no header file found
2022-11-06 03:30:11,404 [WARN] ApiManager:304 - Cannot register API 'Board Extension:IKS02A1' from pack STMicroelectronics.X-CUBE-MEMS1.9.3.0: no header file found
2022-11-06 03:30:11,409 [WARN] ApiManager:304 - Cannot register API 'Board Extension:EEPRMA1' from pack STMicroelectronics.X-CUBE-EEPRMA1.3.1.1: no header file found
2022-11-06 03:30:11,409 [WARN] ApiManager:304 - Cannot register API 'Board Extension:EEPRMA2' from pack STMicroelectronics.X-CUBE-EEPRMA1.3.1.1: no header file found
2022-11-06 03:30:11,409 [WARN] ApiManager:304 - Cannot register API 'Board Extension:S2868A1' from pack STMicroelectronics.X-CUBE-SFXS2LP1.4.0.0: no header file found
2022-11-06 03:30:11,409 [WARN] ApiManager:304 - Cannot register API 'Board Extension:S2868A2' from pack STMicroelectronics.X-CUBE-SFXS2LP1.4.0.0: no header file found
2022-11-06 03:30:11,409 [WARN] ApiManager:304 - Cannot register API 'Board Extension:S2915A1' from pack STMicroelectronics.X-CUBE-SFXS2LP1.4.0.0: no header file found
2022-11-06 03:30:11,409 [WARN] ApiManager:304 - Cannot register API 'Wireless:BlueNRG-2' from pack STMicroelectronics.X-CUBE-BLE2.3.3.0: no header file found
2022-11-06 03:30:13,099 [INFO] UtilMem:74 - End LoadConfig() Used Memory: 378736616 Bytes (576716800)
2022-11-06 03:30:13,099 [WARN] ThirdParty:779 - waiting for thirdparty lock release [change project]
2022-11-06 03:30:13,099 [INFO] ThirdParty:781 - entering critical section [change project]
2022-11-06 03:30:13,099 [INFO] ThirdParty:967 - CMSIS Pack Vendor :STMicroelectronics X-CUBE-ISPU 1.1.0
2022-11-06 03:30:13,099 [INFO] ThirdParty:967 - CMSIS Pack Vendor :RoweBots I-CUBE-UNISONRTOS 5.5.0-4
2022-11-06 03:30:13,099 [INFO] ThirdParty:967 - CMSIS Pack Vendor :STMicroelectronics X-CUBE-GNSS1 6.0.0
2022-11-06 03:30:13,099 [INFO] ThirdParty:967 - CMSIS Pack Vendor :STMicroelectronics X-CUBE-AZRTOS-H7 2.1.0
2022-11-06 03:30:13,099 [INFO] ThirdParty:967 - CMSIS Pack Vendor :STMicroelectronics USB_HOST 2.0.0
2022-11-06 03:30:13,099 [INFO] ThirdParty:967 - CMSIS Pack Vendor :STMicroelectronics X-CUBE-AZRTOS-F4 1.1.0
2022-11-06 03:30:13,099 [INFO] ThirdParty:967 - CMSIS Pack Vendor :STMicroelectronics USB_DEVICE 3.0.0
2022-11-06 03:30:13,099 [INFO] ThirdParty:967 - CMSIS Pack Vendor :STMicroelectronics X-CUBE-BLEMGR 1.0.0
2022-11-06 03:30:13,099 [INFO] ThirdParty:967 - CMSIS Pack Vendor :STMicroelectronics X-CUBE-BLEMGR 1.2.0
2022-11-06 03:30:13,099 [INFO] ThirdParty:967 - CMSIS Pack Vendor :STMicroelectronics X-CUBE-AZRTOS-F7 1.1.0
2022-11-06 03:30:13,099 [INFO] ThirdParty:967 - CMSIS Pack Vendor :STMicroelectronics USB_DEVICE 2.0.0
2022-11-06 03:30:13,099 [INFO] ThirdParty:967 - CMSIS Pack Vendor :STMicroelectronics X-CUBE-AI 7.3.0
2022-11-06 03:30:13,099 [INFO] ThirdParty:967 - CMSIS Pack Vendor :STMicroelectronics X-CUBE-BLE1 6.2.3
2022-11-06 03:30:13,099 [INFO] ThirdParty:967 - CMSIS Pack Vendor :STMicroelectronics X-CUBE-ALGOBUILD 1.3.0
2022-11-06 03:30:13,099 [INFO] ThirdParty:967 - CMSIS Pack Vendor :STMicroelectronics FreeRTOS 0.0.1
2022-11-06 03:30:13,099 [INFO] ThirdParty:967 - CMSIS Pack Vendor :STMicroelectronics X-CUBE-AZRTOS-G0 1.1.0
2022-11-06 03:30:13,099 [INFO] ThirdParty:967 - CMSIS Pack Vendor :STMicroelectronics X-CUBE-SUBG2 5.0.0
2022-11-06 03:30:13,105 [INFO] ThirdParty:967 - CMSIS Pack Vendor :SEGGER I-CUBE-embOS 1.2.0
2022-11-06 03:30:13,105 [INFO] ThirdParty:967 - CMSIS Pack Vendor :STMicroelectronics lwIP 2.0.3
2022-11-06 03:30:13,105 [INFO] ThirdParty:967 - CMSIS Pack Vendor :STMicroelectronics X-CUBE-NFC4 2.0.4
2022-11-06 03:30:13,105 [INFO] ThirdParty:967 - CMSIS Pack Vendor :STMicroelectronics USB_HOST 1.0.0
2022-11-06 03:30:13,105 [INFO] ThirdParty:967 - CMSIS Pack Vendor :STMicroelectronics PDM2PCM 3.1.0
2022-11-06 03:30:13,105 [INFO] ThirdParty:967 - CMSIS Pack Vendor :STMicroelectronics FP-ATR-ASTRA1 1.1.1
2022-11-06 03:30:13,105 [INFO] ThirdParty:967 - CMSIS Pack Vendor :STMicroelectronics PDM2PCM 3.3.0
2022-11-06 03:30:13,105 [INFO] ThirdParty:967 - CMSIS Pack Vendor :STMicroelectronics X-CUBE-TOF1 3.1.0
2022-11-06 03:30:13,105 [INFO] ThirdParty:967 - CMSIS Pack Vendor :STMicroelectronics X-CUBE-AZRTOS-G4 1.0.0
2022-11-06 03:30:13,105 [INFO] ThirdParty:967 - CMSIS Pack Vendor :STMicroelectronics FP-ATR-SIGFOX1 3.2.0
2022-11-06 03:30:13,105 [INFO] ThirdParty:967 - CMSIS Pack Vendor :STMicroelectronics X-CUBE-AZRTOS-L4 1.0.0
2022-11-06 03:30:13,105 [INFO] ThirdParty:967 - CMSIS Pack Vendor :wolfSSL I-CUBE-wolfSSL 5.5.0
2022-11-06 03:30:13,105 [INFO] ThirdParty:967 - CMSIS Pack Vendor :STMicroelectronics HAL Drivers 0.0.0
2022-11-06 03:30:13,105 [INFO] ThirdParty:967 - CMSIS Pack Vendor :STMicroelectronics MBEDTLS 2.16.2
2022-11-06 03:30:13,105 [INFO] ThirdParty:967 - CMSIS Pack Vendor :emotas I-CUBE-CANOPEN 1.1.2
2022-11-06 03:30:13,105 [INFO] ThirdParty:967 - CMSIS Pack Vendor :STMicroelectronics X-CUBE-TOUCHGFX 4.20.0
2022-11-06 03:30:13,105 [INFO] ThirdParty:967 - CMSIS Pack Vendor :STMicroelectronics MBEDTLS 2.14.1
2022-11-06 03:30:13,105 [INFO] ThirdParty:967 - CMSIS Pack Vendor :STMicroelectronics X-CUBE-NFC7 1.0.0
2022-11-06 03:30:13,105 [INFO] ThirdParty:967 - CMSIS Pack Vendor :STMicroelectronics X-CUBE-AZRTOS-WL 1.0.0
2022-11-06 03:30:13,105 [INFO] ThirdParty:967 - CMSIS Pack Vendor :STMicroelectronics X-CUBE-MEMS1 9.3.0
2022-11-06 03:30:13,105 [INFO] ThirdParty:967 - CMSIS Pack Vendor :portGmbH I-Cube-SoM-uGOAL 1.1.0
2022-11-06 03:30:13,105 [INFO] ThirdParty:967 - CMSIS Pack Vendor :STMicroelectronics X-CUBE-ALS 1.0.1
2022-11-06 03:30:13,105 [INFO] ThirdParty:967 - CMSIS Pack Vendor :STMicroelectronics X-CUBE-AI 7.2.0
2022-11-06 03:30:13,105 [INFO] ThirdParty:967 - CMSIS Pack Vendor :STMicroelectronics X-CUBE-AZRTOS-L5 1.0.0
2022-11-06 03:30:13,105 [INFO] ThirdParty:967 - CMSIS Pack Vendor :STMicroelectronics USB_DEVICE 1.0.0
2022-11-06 03:30:13,105 [INFO] ThirdParty:967 - CMSIS Pack Vendor :STMicroelectronics X-CUBE-EEPRMA1 3.1.1
2022-11-06 03:30:13,105 [INFO] ThirdParty:967 - CMSIS Pack Vendor :STMicroelectronics ThreadX 0.0.2
2022-11-06 03:30:13,105 [INFO] ThirdParty:967 - CMSIS Pack Vendor :STMicroelectronics lwIP 2.1.2
2022-11-06 03:30:13,105 [INFO] ThirdParty:967 - CMSIS Pack Vendor :STMicroelectronics X-CUBE-SFXS2LP1 4.0.0
2022-11-06 03:30:13,105 [INFO] ThirdParty:967 - CMSIS Pack Vendor :STMicroelectronics X-CUBE-BLE2 3.3.0
2022-11-06 03:30:13,105 [INFO] ThirdParty:967 - CMSIS Pack Vendor :STMicroelectronics X-CUBE-DISPLAY 2.2.0
2022-11-06 03:30:13,105 [INFO] ThirdParty:967 - CMSIS Pack Vendor :STMicroelectronics X-CUBE-TOF1 3.2.0
2022-11-06 03:30:13,105 [INFO] ThirdParty:967 - CMSIS Pack Vendor :STMicroelectronics PDM2PCM 3.2.0
2022-11-06 03:30:13,105 [INFO] ThirdParty:967 - CMSIS Pack Vendor :STMicroelectronics X-CUBE-ISPU 1.0.0
2022-11-06 03:30:13,105 [INFO] ThirdParty:787 - exiting critical section [change project]
2022-11-06 03:30:13,279 [INFO] PinOutPanel:1463 - setPackage(No Configuration,No Configuration)
2022-11-06 03:30:13,289 [INFO] PinOutPanel:1463 - setPackage(STM32F103C6Tx,LQFP48)
2022-11-06 03:30:13,619 [INFO] UtilMem:74 - Before build in PCC Used Memory: 470489064 Bytes (576716800)
2022-11-06 03:30:14,150 [INFO] UtilMem:74 - After build in PCC Used Memory: 405233472 Bytes (576716800)
2022-11-06 03:30:14,169 [INFO] IPUIPlugin:74 - create IPUIPlugin
2022-11-06 03:30:14,169 [INFO] IPUIPlugin:74 - create IPUIPlugin
2022-11-06 03:30:14,169 [INFO] IPUIPlugin:74 - create IPUIPlugin
2022-11-06 03:30:14,169 [INFO] IPUIPlugin:74 - create IPUIPlugin
2022-11-06 03:30:14,169 [INFO] IPUIPlugin:74 - create IPUIPlugin
2022-11-06 03:30:14,169 [INFO] IPUIPlugin:74 - create IPUIPlugin
2022-11-06 03:30:14,169 [INFO] IPUIPlugin:74 - create IPUIPlugin
2022-11-06 03:30:14,169 [INFO] IPUIPlugin:74 - create IPUIPlugin
2022-11-06 03:30:14,169 [INFO] IPUIPlugin:74 - create IPUIPlugin
2022-11-06 03:30:14,169 [INFO] IPUIPlugin:74 - create IPUIPlugin
2022-11-06 03:30:14,169 [INFO] IPUIPlugin:74 - create IPUIPlugin
2022-11-06 03:30:14,169 [INFO] IPUIPlugin:74 - create IPUIPlugin
2022-11-06 03:30:14,169 [INFO] IPUIPlugin:74 - create IPUIPlugin
2022-11-06 03:30:14,169 [INFO] IPUIPlugin:74 - create IPUIPlugin
2022-11-06 03:30:14,169 [INFO] IPUIPlugin:74 - create IPUIPlugin
2022-11-06 03:30:14,169 [INFO] IPUIPlugin:74 - create IPUIPlugin
2022-11-06 03:30:14,169 [INFO] IPUIPlugin:74 - create IPUIPlugin
2022-11-06 03:30:14,169 [INFO] IPUIPlugin:74 - create IPUIPlugin
2022-11-06 03:30:14,169 [INFO] IPUIPlugin:74 - create IPUIPlugin
2022-11-06 03:30:14,169 [INFO] IPUIPlugin:74 - create IPUIPlugin
2022-11-06 03:30:14,169 [INFO] IPUIPlugin:74 - create IPUIPlugin
2022-11-06 03:30:14,169 [INFO] IPUIPlugin:74 - create IPUIPlugin
2022-11-06 03:30:14,169 [INFO] IPUIPlugin:74 - create IPUIPlugin
2022-11-06 03:30:14,289 [INFO] OpenFileManager:333 - Restore cursor
2022-11-06 03:30:14,563 [INFO] UtilMem:74 - End SaveConfig() Used Memory: 471458328 Bytes (576716800)
2022-11-06 03:30:14,619 [INFO] UtilMem:74 - End SaveConfig() Used Memory: 483876672 Bytes (576716800)
2022-11-06 03:30:14,897 [INFO] BlockDiagram:2740 - set Specific Code input for plugin: NVIC
2022-11-06 03:30:14,897 [INFO] BlockDiagram:2740 - set Specific Code input for plugin: SYS
2022-11-06 03:30:14,899 [INFO] BlockDiagram:2740 - set Specific Code input for plugin: GPIO
2022-11-06 03:30:14,899 [INFO] BlockDiagram:2740 - set Specific Code input for plugin: RCC
2022-11-06 03:30:14,899 [INFO] BlockDiagram:2740 - set Specific Code input for plugin: TIM1_8F1
2022-11-06 03:30:14,899 [INFO] CodeGenerator:663 - code generatio: config db path: C:\ST\STM32CubeIDE_1.7.0\STM32CubeIDE\plugins\com.st.stm32cube.common.mx_6.3.0.202107141111\\db\
2022-11-06 03:30:15,212 [INFO] CodeEngine:239 - oldGeneratedFile, E:\Hoc tap\VXL\final_midterm\Midterm\MXTmpFiles\license.tmp_save
2022-11-06 03:30:15,481 [INFO] CodeEngine:257 - Generated code: E:\Hoc tap\VXL\final_midterm\Midterm\MXTmpFiles\license.tmp
2022-11-06 03:30:15,561 [INFO] CodeEngine:239 - oldGeneratedFile, E:\Hoc tap\VXL\final_midterm\Midterm\MXTmpFiles\gpio.tmp_save
2022-11-06 03:30:15,640 [INFO] CodeEngine:257 - Generated code: E:\Hoc tap\VXL\final_midterm\Midterm\MXTmpFiles\gpio.tmp
2022-11-06 03:30:15,854 [INFO] CodeEngine:239 - oldGeneratedFile, E:\Hoc tap\VXL\final_midterm\Midterm\Core\Src\stm32f1xx_it.c_save
2022-11-06 03:30:15,979 [INFO] CodeEngine:257 - Generated code: E:\Hoc tap\VXL\final_midterm\Midterm\Core\Src\stm32f1xx_it.c
2022-11-06 03:30:15,979 [INFO] CodeEngine:239 - oldGeneratedFile, E:\Hoc tap\VXL\final_midterm\Midterm\Core\Inc\stm32f1xx_it.h_save
2022-11-06 03:30:16,039 [INFO] CodeEngine:257 - Generated code: E:\Hoc tap\VXL\final_midterm\Midterm\Core\Inc\stm32f1xx_it.h
2022-11-06 03:30:16,049 [INFO] CodeEngine:239 - oldGeneratedFile, E:\Hoc tap\VXL\final_midterm\Midterm\Core\Src\stm32f1xx_hal_msp.c_save
2022-11-06 03:30:16,151 [INFO] CodeEngine:257 - Generated code: E:\Hoc tap\VXL\final_midterm\Midterm\Core\Src\stm32f1xx_hal_msp.c
2022-11-06 03:30:16,159 [INFO] CodeEngine:239 - oldGeneratedFile, E:\Hoc tap\VXL\final_midterm\Midterm\MXTmpFiles\system.tmp_save
2022-11-06 03:30:16,209 [INFO] CodeEngine:257 - Generated code: E:\Hoc tap\VXL\final_midterm\Midterm\MXTmpFiles\system.tmp
2022-11-06 03:30:16,219 [INFO] CodeEngine:239 - oldGeneratedFile, E:\Hoc tap\VXL\final_midterm\Midterm\Core\Inc\stm32f1xx_hal_conf.h_save
2022-11-06 03:30:16,299 [INFO] CodeEngine:257 - Generated code: E:\Hoc tap\VXL\final_midterm\Midterm\Core\Inc\stm32f1xx_hal_conf.h
2022-11-06 03:30:16,329 [WARN] IPConfigManager:3148 - IP not found : TIM
2022-11-06 03:30:16,329 [WARN] CodeGenerator:3268 - IP not found : null
2022-11-06 03:30:16,337 [INFO] CodeEngine:239 - oldGeneratedFile, E:\Hoc tap\VXL\final_midterm\Midterm\Core\Inc\main.h_save
2022-11-06 03:30:16,409 [INFO] CodeEngine:257 - Generated code: E:\Hoc tap\VXL\final_midterm\Midterm\Core\Inc\main.h
2022-11-06 03:30:16,409 [INFO] CodeEngine:239 - oldGeneratedFile, E:\Hoc tap\VXL\final_midterm\Midterm\Core\Src\main.c_save
2022-11-06 03:30:16,509 [INFO] CodeEngine:257 - Generated code: E:\Hoc tap\VXL\final_midterm\Midterm\Core\Src\main.c
2022-11-06 03:30:17,319 [INFO] ProjectBuilder:2578 - Time for Copy HAL[1] : 140mS.
2022-11-06 03:30:17,323 [INFO] ProjectBuilder:3622 - Project Generator version: 3.14.1
2022-11-06 03:30:17,844 [INFO] ConfigFileManager:1271 - The Die is : DIE412
2022-11-06 03:30:17,859 [INFO] ApiDbMcu:468 - Load IP Config File for FATFS
2022-11-06 03:30:17,882 [INFO] ApiDbMcu:468 - Load IP Config File for FREERTOS
2022-11-06 03:30:17,899 [INFO] ApiDbMcu:468 - Load IP Config File for USB_DEVICE
2022-11-06 03:30:20,699 [INFO] ProjectBuilder:3789 - Time for Generating toolchain IDE Files: 3376mS.
2022-11-06 03:30:20,704 [INFO] ProjectBuilder:2457 - Time for Copy CMSIS : 5mS.
2022-11-06 03:30:20,704 [INFO] ProjectBuilder:2457 - Time for Copy CMSIS : 0mS.
2022-11-06 03:30:21,249 [INFO] McuFinderGlobals:52 - Set McuFinderConnectedMode to true
2022-11-06 03:30:21,249 [INFO] ApiDb:276 - Save user favorites file C:\Users\HP/.stm32cubeide/favorites.mcus.txt: 0 item(s)
2022-11-06 03:30:21,249 [INFO] ApiDb:280 - User favorites MCUs=[]
